已經開始建置於 2016/5/10 上午 02:37:37。
     1>節點 2 (Rebuild 目標) 上的專案 "C:\Users\Asus\Desktop\course\C Programming\2016\PPT\0510\Practice0510\StringHandler\StringHandler.vcxproj"。
     1>ClCompile:
         C:\Program Files (x86)\Microsoft Visual Studio 12.0\VC\bin\CL.exe /c /ZI /nologo /W3 /WX- /Od /Oy- /D WIN32 /D _DEBUG /D _CONSOLE /D _LIB /D _UNICODE /D UNICODE /Gm /EHsc /RTC1 /MDd /GS /fp:precise /Zc:wchar_t /Zc:forScope /Fo"Debug\\" /Fd"Debug\vc120.pdb" /Gd /TP /analyze- /errorReport:prompt FileHandler.cpp Main.cpp MyStringLib.h StringHandler.cpp
         StringHandler.cpp
         MyStringLib.h
         Main.cpp
         FileHandler.cpp
     1>c:\users\asus\desktop\course\c programming\2016\ppt\0510\practice0510\stringhandler\filehandler.cpp(9): warning C4996: 'fopen': This function or variable may be unsafe. Consider using fopen_s instead. To disable deprecation, use _CRT_SECURE_NO_WARNINGS. See online help for details.
                 c:\program files (x86)\microsoft visual studio 12.0\vc\include\stdio.h(211) : 請參閱 'fopen' 的宣告
         正在產生程式碼...
       Link:
         C:\Program Files (x86)\Microsoft Visual Studio 12.0\VC\bin\link.exe /ERRORREPORT:PROMPT /OUT:"C:\Users\Asus\Desktop\course\C Programming\2016\PPT\0510\Practice0510\Debug\StringHandler.exe" /INCREMENTAL /NOLOGO kernel32.lib user32.lib gdi32.lib winspool.lib comdlg32.lib advapi32.lib shell32.lib ole32.lib oleaut32.lib uuid.lib odbc32.lib odbccp32.lib /MANIFEST /MANIFESTUAC:"level='asInvoker' uiAccess='false'" /manifest:embed /DEBUG /PDB:"C:\Users\Asus\Desktop\course\C Programming\2016\PPT\0510\Practice0510\Debug\StringHandler.pdb" /SUBSYSTEM:CONSOLE /TLBID:1 /DYNAMICBASE /NXCOMPAT /IMPLIB:"C:\Users\Asus\Desktop\course\C Programming\2016\PPT\0510\Practice0510\Debug\StringHandler.lib" /MACHINE:X86 Debug\FileHandler.obj
         Debug\Main.obj
         Debug\MyStringLib.obj
         Debug\StringHandler.obj
         StringHandler.vcxproj -> C:\Users\Asus\Desktop\course\C Programming\2016\PPT\0510\Practice0510\Debug\StringHandler.exe
     1>專案 "C:\Users\Asus\Desktop\course\C Programming\2016\PPT\0510\Practice0510\StringHandler\StringHandler.vcxproj" (Rebuild 目標) 建置完成。

建置成功。

經過時間 00:00:00.43
